<?xml version="1.0" encoding="UTF-8"?>
<coverage generated="1638982913343" clover="3.2.0">
  <project timestamp="1638982913343" name="All files">
    <metrics statements="8" coveredstatements="8" conditionals="0" coveredconditionals="0" methods="3" coveredmethods="3" elements="11" coveredelements="11" complexity="0" loc="8" ncloc="8" packages="1" files="2" classes="2"/>
    <file name="addTodo.js" path="C:\Users\Amkam\Documents\Amkam WebAvenger\Dev\Amkam\Microverse\Course Prograam\Module 2\week-3\pair-programming\review-todo-list\src\addTodo.js">
      <metrics statements="2" coveredstatements="2" conditionals="0" coveredconditionals="0" methods="1" coveredmethods="1"/>
      <line num="4" count="1" type="stmt"/>
      <line num="10" count="1" type="stmt"/>
    </file>
    <file name="deleteTodo.js" path="C:\Users\Amkam\Documents\Amkam WebAvenger\Dev\Amkam\Microverse\Course Prograam\Module 2\week-3\pair-programming\review-todo-list\src\deleteTodo.js">
      <metrics statements="6" coveredstatements="6" conditionals="0" coveredconditionals="0" methods="2" coveredmethods="2"/>
      <line num="4" count="1" type="stmt"/>
      <line num="5" count="1" type="stmt"/>
      <line num="7" count="1" type="stmt"/>
      <line num="8" count="1" type="stmt"/>
      <line num="11" count="1" type="stmt"/>
      <line num="12" count="1" type="stmt"/>
    </file>
  </project>
</coverage>
