{"C:\\Users\\Amkam\\Documents\\Amkam WebAvenger\\Dev\\Amkam\\Microverse\\Course Prograam\\Module 2\\week-3\\pair-programming\\review-todo-list\\src\\addTodo.js": {"path":"C:\\Users\\Amkam\\Documents\\Amkam WebAvenger\\Dev\\Amkam\\Microverse\\Course Prograam\\Module 2\\week-3\\pair-programming\\review-todo-list\\src\\addTodo.js","statementMap":{"0":{"start":{"line":4,"column":2},"end":{"line":8,"column":5}},"1":{"start":{"line":10,"column":18},"end":{"line":10,"column":38}},"2":{"start":{"line":11,"column":2},"end":{"line":11,"column":52}}},"fnMap":{"0":{"name":"(anonymous_0)","decl":{"start":{"line":3,"column":15},"end":{"line":3,"column":16}},"loc":{"start":{"line":3,"column":32},"end":{"line":12,"column":1}},"line":3}},"branchMap":{},"s":{"0":1,"1":1,"2":1},"f":{"0":1},"b":{},"_coverageSchema":"1a1c01bbd47fc00a2c39e90264f33305004495a9","hash":"c6bc0da63280e2e30112076b890f8637cfc85f75"}
,"C:\\Users\\Amkam\\Documents\\Amkam WebAvenger\\Dev\\Amkam\\Microverse\\Course Prograam\\Module 2\\week-3\\pair-programming\\review-todo-list\\src\\deleteTodo.js": {"path":"C:\\Users\\Amkam\\Documents\\Amkam WebAvenger\\Dev\\Amkam\\Microverse\\Course Prograam\\Module 2\\week-3\\pair-programming\\review-todo-list\\src\\deleteTodo.js","statementMap":{"0":{"start":{"line":7,"column":2},"end":{"line":7,"column":58}},"1":{"start":{"line":7,"column":31},"end":{"line":7,"column":56}},"2":{"start":{"line":9,"column":2},"end":{"line":11,"column":3}},"3":{"start":{"line":9,"column":15},"end":{"line":9,"column":16}},"4":{"start":{"line":10,"column":4},"end":{"line":10,"column":26}},"5":{"start":{"line":13,"column":2},"end":{"line":13,"column":61}}},"fnMap":{"0":{"name":"(anonymous_0)","decl":{"start":{"line":3,"column":15},"end":{"line":3,"column":16}},"loc":{"start":{"line":3,"column":23},"end":{"line":14,"column":1}},"line":3},"1":{"name":"(anonymous_1)","decl":{"start":{"line":7,"column":21},"end":{"line":7,"column":22}},"loc":{"start":{"line":7,"column":31},"end":{"line":7,"column":56}},"line":7}},"branchMap":{},"s":{"0":1,"1":0,"2":0,"3":0,"4":0,"5":0},"f":{"0":1,"1":0},"b":{},"_coverageSchema":"1a1c01bbd47fc00a2c39e90264f33305004495a9","hash":"886632cc67c827e8f6ab68562862d961e57b0e5a"}
}
