{"C:\\Users\\Youmari\\Desktop\\review-todo-list\\src\\addTodo.js": {"path":"C:\\Users\\Youmari\\Desktop\\review-todo-list\\src\\addTodo.js","statementMap":{"0":{"start":{"line":4,"column":2},"end":{"line":8,"column":5}},"1":{"start":{"line":10,"column":2},"end":{"line":10,"column":61}}},"fnMap":{"0":{"name":"(anonymous_0)","decl":{"start":{"line":3,"column":15},"end":{"line":3,"column":16}},"loc":{"start":{"line":3,"column":32},"end":{"line":11,"column":1}},"line":3}},"branchMap":{},"s":{"0":1,"1":1},"f":{"0":1},"b":{},"_coverageSchema":"1a1c01bbd47fc00a2c39e90264f33305004495a9","hash":"345ac559df8195a3a19ff70324478bd305c7f85f"}
,"C:\\Users\\Youmari\\Desktop\\review-todo-list\\src\\deleteTodo.js": {"path":"C:\\Users\\Youmari\\Desktop\\review-todo-list\\src\\deleteTodo.js","statementMap":{"0":{"start":{"line":4,"column":13},"end":{"line":4,"column":25}},"1":{"start":{"line":8,"column":2},"end":{"line":8,"column":48}},"2":{"start":{"line":8,"column":29},"end":{"line":8,"column":46}},"3":{"start":{"line":15,"column":2},"end":{"line":15,"column":60}}},"fnMap":{"0":{"name":"(anonymous_0)","decl":{"start":{"line":3,"column":15},"end":{"line":3,"column":16}},"loc":{"start":{"line":3,"column":24},"end":{"line":16,"column":1}},"line":3},"1":{"name":"(anonymous_1)","decl":{"start":{"line":8,"column":19},"end":{"line":8,"column":20}},"loc":{"start":{"line":8,"column":29},"end":{"line":8,"column":46}},"line":8}},"branchMap":{},"s":{"0":1,"1":1,"2":1,"3":1},"f":{"0":1,"1":1},"b":{},"_coverageSchema":"1a1c01bbd47fc00a2c39e90264f33305004495a9","hash":"78c5b9e94be754d6788a7c866d14a48a107022d6"}
}
